<?xml version="1.0" encoding="UTF-8"?>
<!-- Generated by org.testng.reporters.JUnitXMLReporter -->
<testsuite ignored="0" hostname="LAPTOP-D66QITOR" failures="0" tests="3" name="Test-Runner-1" time="35.569" errors="0" timestamp="2023-10-21T21:26:23 IST">
  <testcase classname="contacts.TestNGPractice" name="test1" time="0.002"/>
  <testcase classname="contacts.TestNGPractice" name="test2" time="0.004"/>
  <testcase classname="contacts.TestNGPractice" name="test3" time="0.001"/>
</testsuite> <!-- Test-Runner-1 -->
