<?xml version="1.0" encoding="UTF-8"?>
<!-- Generated by org.testng.reporters.JUnitXMLReporter -->
<testsuite ignored="0" hostname="LAPTOP-D66QITOR" failures="0" tests="3" name="Test-Runner1" time="35.724" errors="0" timestamp="2023-10-22T11:38:13 IST">
  <testcase classname="contacts.TestNGPractice" name="test1" time="0.008"/>
  <testcase classname="contacts.TestNGPractice" name="test2" time="0.001"/>
  <testcase classname="contacts.TestNGPractice" name="test3" time="0.002"/>
</testsuite> <!-- Test-Runner1 -->
