<?xml version="1.0" encoding="UTF-8"?>
<!-- Generated by org.testng.reporters.JUnitXMLReporter -->
<testsuite ignored="0" hostname="LAPTOP-D66QITOR" failures="0" tests="1" name="Test-Edge" time="38.837" errors="0" timestamp="2023-10-22T11:42:37 IST">
  <testcase classname="contacts.CreateContactWithOrganizationTest" name="createContactWithOrganizationTest" time="28.921"/>
</testsuite> <!-- Test-Edge -->
