<?xml version="1.0" encoding="UTF-8"?>
<!-- Generated by org.testng.reporters.JUnitXMLReporter -->
<testsuite ignored="0" hostname="LAPTOP-D66QITOR" failures="0" tests="1" name="Test-Runner-2" time="41.047" errors="0" timestamp="2023-10-21T21:26:28 IST">
  <testcase classname="contacts.CreateContactWithOrganizationTest" name="createContactWithOrganizationTest" time="28.931"/>
</testsuite> <!-- Test-Runner-2 -->
