<?xml version="1.0" encoding="UTF-8"?>
<!-- Generated by org.testng.reporters.JUnitXMLReporter -->
<testsuite ignored="0" hostname="LAPTOP-D66QITOR" failures="0" tests="1" name="Test-Runner-Edge" time="38.469" errors="0" timestamp="2023-10-21T21:31:03 IST">
  <testcase classname="contacts.CreateContactWithOrganizationTest" name="createContactWithOrganizationTest" time="28.753"/>
</testsuite> <!-- Test-Runner-Edge -->
