<?xml version="1.0" encoding="UTF-8"?>
<!-- Generated by org.testng.reporters.JUnitXMLReporter -->
<testsuite ignored="0" hostname="LAPTOP-D66QITOR" failures="0" tests="1" name="Test-Runner-Firefox" time="41.258" errors="0" timestamp="2023-10-21T21:31:05 IST">
  <testcase classname="contacts.CreateContactWithOrganizationTest" name="createContactWithOrganizationTest" time="27.701"/>
</testsuite> <!-- Test-Runner-Firefox -->
