<?xml version="1.0" encoding="UTF-8"?>
<!-- Generated by org.testng.reporters.JUnitXMLReporter -->
<testsuite ignored="0" hostname="LAPTOP-D66QITOR" failures="0" tests="1" name="Test-Firefox" time="41.422" errors="0" timestamp="2023-10-22T11:42:39 IST">
  <testcase classname="contacts.CreateContactWithOrganizationTest" name="createContactWithOrganizationTest" time="28.167"/>
</testsuite> <!-- Test-Firefox -->
