<?xml version="1.0" encoding="UTF-8"?>
<!-- Generated by org.testng.reporters.JUnitReportReporter -->
<testsuite hostname="LAPTOP-D66QITOR" failures="0" tests="3" name="contacts.TestNGPractice" time="29.026" errors="0" timestamp="2023-10-22T11:38:19 IST" skipped="0">
  <testcase classname="contacts.TestNGPractice" name="test1" time="9.716"/>
  <system-out/>
  <testcase classname="contacts.TestNGPractice" name="test3" time="9.456"/>
  <system-out/>
  <testcase classname="contacts.TestNGPractice" name="test2" time="9.854"/>
  <system-out/>
</testsuite> <!-- contacts.TestNGPractice -->
