<?xml version="1.0" encoding="UTF-8"?>
<!-- Generated by org.testng.reporters.JUnitReportReporter -->
<testsuite hostname="LAPTOP-D66QITOR" failures="0" tests="1" name="contacts.CreateContactWithOrganizationTest" time="14.666" errors="0" timestamp="2024-01-12T12:02:41 IST" skipped="0">
  <testcase classname="contacts.CreateContactWithOrganizationTest" name="createContactWithOrganizationTest" time="14.666"/>
  <system-out>
    <![CDATA[Clicked on Organizations link.
Clicked on create new organization look-up image.
Organization created.
Clicked on Contacts link.
Clicked on create new contact look-up image.
Contact created.]]>
  </system-out>
</testsuite> <!-- contacts.CreateContactWithOrganizationTest -->
