<?xml version="1.0" encoding="UTF-8"?>
<!-- Generated by org.testng.reporters.JUnitReportReporter -->
<testsuite hostname="LAPTOP-D66QITOR" failures="0" tests="1" name="organizations.CreateOrganizationWithIndustryTest" time="17.761" errors="0" timestamp="2023-10-27T15:49:32 IST" skipped="0">
  <testcase classname="organizations.CreateOrganizationWithIndustryTest" name="createOrganizationWithIndustryTest" time="17.761"/>
  <system-out/>
</testsuite> <!-- organizations.CreateOrganizationWithIndustryTest -->
